<?xml version="1.0" encoding="UTF-8"?>
<!-- Generated by org.testng.reporters.JUnitReportReporter -->
<testsuite skipped="0" hostname="Stock2" name="fintoo.Testcases.TC_UserFlow_Functionality_004" tests="1" failures="0" timestamp="25 Mar 2021 12:46:42 GMT" time="114.611" errors="0">
  <testcase name="userFlowFunctionality" time="114.611" classname="fintoo.Testcases.TC_UserFlow_Functionality_004"/>
</testsuite> <!-- fintoo.Testcases.TC_UserFlow_Functionality_004 -->
