<?xml version="1.0" encoding="UTF-8"?>
<!-- Generated by org.testng.reporters.JUnitReportReporter -->
<testsuite skipped="0" hostname="Stock2" name="fintoo.Testcases.TC_LoginTest_003" tests="1" failures="0" timestamp="24 Mar 2021 13:19:48 GMT" time="142.013" errors="0">
  <testcase name="testLogin" time="142.013" classname="fintoo.Testcases.TC_LoginTest_003"/>
</testsuite> <!-- fintoo.Testcases.TC_LoginTest_003 -->
